e:\stack_queue\stack_queue\debug\vc141.pdb
e:\stack_queue\stack_queue\debug\vc141.idb
e:\stack_queue\stack_queue\debug\queue_func.obj
e:\stack_queue\stack_queue\debug\stack_func.obj
e:\stack_queue\stack_queue\debug\stack_queue.obj
e:\stack_queue\debug\stack_queue.ilk
e:\stack_queue\debug\stack_queue.exe
e:\stack_queue\debug\stack_queue.pdb
f:\stack_queue\stack_queue\debug\queue_func.obj
f:\stack_queue\stack_queue\debug\stack_queue.obj
f:\stack_queue\stack_queue\debug\stack_func.obj
f:\stack_queue\stack_queue\debug\vc141.idb
f:\stack_queue\stack_queue\debug\vc141.pdb
f:\stack_queue\debug\stack_queue.pdb
f:\stack_queue\debug\stack_queue.exe
f:\stack_queue\debug\stack_queue.ilk
f:\stack_queue\stack_queue\debug\stack_queue.tlog\cl.read.1.tlog
f:\stack_queue\stack_queue\debug\stack_queue.tlog\cl.write.1.tlog
f:\stack_queue\stack_queue\debug\stack_queue.tlog\cl.command.1.tlog
f:\stack_queue\stack_queue\debug\stack_queue.tlog\link.read.1.tlog
f:\stack_queue\stack_queue\debug\stack_queue.tlog\link.write.1.tlog
f:\stack_queue\stack_queue\debug\stack_queue.tlog\link.command.1.tlog
